{"level":"error","message":"Error connecting to MongoDB: connect ECONNREFUSED ::1:27017, connect ECONNREFUSED 127.0.0.1:27017","service":"mpesa-api","timestamp":"2025-04-27 12:09:23"}
{"level":"error","message":"Error connecting to MongoDB: connect ECONNREFUSED ::1:27017, connect ECONNREFUSED 127.0.0.1:27017","service":"mpesa-api","timestamp":"2025-04-27 12:19:35"}
{"level":"info","message":"MongoDB Connected: ac-8idzin6-shard-00-00.vk6hawu.mongodb.net","service":"mpesa-api","timestamp":"2025-04-27 12:21:05"}
{"level":"info","message":"Server running in development mode on port 3000","service":"mpesa-api","timestamp":"2025-04-27 12:21:05"}
{"level":"info","message":"MongoDB Connected: ac-8idzin6-shard-00-01.vk6hawu.mongodb.net","service":"mpesa-api","timestamp":"2025-04-27 12:21:50"}
{"level":"info","message":"Server running in development mode on port 3000","service":"mpesa-api","timestamp":"2025-04-27 12:21:50"}
{"level":"info","message":"MongoDB Connected: ac-8idzin6-shard-00-00.vk6hawu.mongodb.net","service":"mpesa-api","timestamp":"2025-04-27 12:34:40"}
{"level":"info","message":"Server running in development mode on port 5000","service":"mpesa-api","timestamp":"2025-04-27 12:34:40"}
{"error":{"statusCode":500},"level":"error","message":"Cannot set property query of #<IncomingMessage> which has only a getter","method":"POST","path":"/api/v1/mpesa/stk-push","service":"mpesa-api","stack":"TypeError: Cannot set property query of #<IncomingMessage> which has only a getter\n    at file:///home/gray/projects/mpesaAPI/Backend/middleware/validator.js:40:15\n    at Layer.handleRequest (/home/gray/projects/mpesaAPI/Backend/node_modules/router/lib/layer.js:152:17)\n    at next (/home/gray/projects/mpesaAPI/Backend/node_modules/router/lib/route.js:157:13)\n    at Route.dispatch (/home/gray/projects/mpesaAPI/Backend/node_modules/router/lib/route.js:117:3)\n    at handle (/home/gray/projects/mpesaAPI/Backend/node_modules/router/index.js:435:11)\n    at Layer.handleRequest (/home/gray/projects/mpesaAPI/Backend/node_modules/router/lib/layer.js:152:17)\n    at /home/gray/projects/mpesaAPI/Backend/node_modules/router/index.js:295:15\n    at processParams (/home/gray/projects/mpesaAPI/Backend/node_modules/router/index.js:582:12)\n    at next (/home/gray/projects/mpesaAPI/Backend/node_modules/router/index.js:291:5)\n    at Function.handle (/home/gray/projects/mpesaAPI/Backend/node_modules/router/index.js:186:3)","timestamp":"2025-04-27 12:34:49"}
{"error":{"statusCode":500},"level":"error","message":"Cannot set property query of #<IncomingMessage> which has only a getter","method":"POST","path":"/api/v1/mpesa/stk-push","service":"mpesa-api","stack":"TypeError: Cannot set property query of #<IncomingMessage> which has only a getter\n    at file:///home/gray/projects/mpesaAPI/Backend/middleware/validator.js:40:15\n    at Layer.handleRequest (/home/gray/projects/mpesaAPI/Backend/node_modules/router/lib/layer.js:152:17)\n    at next (/home/gray/projects/mpesaAPI/Backend/node_modules/router/lib/route.js:157:13)\n    at Route.dispatch (/home/gray/projects/mpesaAPI/Backend/node_modules/router/lib/route.js:117:3)\n    at handle (/home/gray/projects/mpesaAPI/Backend/node_modules/router/index.js:435:11)\n    at Layer.handleRequest (/home/gray/projects/mpesaAPI/Backend/node_modules/router/lib/layer.js:152:17)\n    at /home/gray/projects/mpesaAPI/Backend/node_modules/router/index.js:295:15\n    at processParams (/home/gray/projects/mpesaAPI/Backend/node_modules/router/index.js:582:12)\n    at next (/home/gray/projects/mpesaAPI/Backend/node_modules/router/index.js:291:5)\n    at Function.handle (/home/gray/projects/mpesaAPI/Backend/node_modules/router/index.js:186:3)","timestamp":"2025-04-27 12:35:03"}
{"level":"info","message":"MongoDB Connected: ac-8idzin6-shard-00-02.vk6hawu.mongodb.net","service":"mpesa-api","timestamp":"2025-04-27 12:39:53"}
{"level":"info","message":"Server running in development mode on port 5000","service":"mpesa-api","timestamp":"2025-04-27 12:39:53"}
{"level":"info","message":"MongoDB Connected: ac-8idzin6-shard-00-02.vk6hawu.mongodb.net","service":"mpesa-api","timestamp":"2025-04-27 12:42:49"}
{"level":"info","message":"Server running in development mode on port 5000","service":"mpesa-api","timestamp":"2025-04-27 12:42:49"}
{"error":{"statusCode":500},"level":"error","message":"Cannot set property query of #<IncomingMessage> which has only a getter","method":"POST","path":"/api/v1/mpesa/stk-push","service":"mpesa-api","stack":"TypeError: Cannot set property query of #<IncomingMessage> which has only a getter\n    at file:///home/gray/projects/mpesaAPI/Backend/middleware/validator.js:40:15\n    at Layer.handleRequest (/home/gray/projects/mpesaAPI/Backend/node_modules/router/lib/layer.js:152:17)\n    at next (/home/gray/projects/mpesaAPI/Backend/node_modules/router/lib/route.js:157:13)\n    at Route.dispatch (/home/gray/projects/mpesaAPI/Backend/node_modules/router/lib/route.js:117:3)\n    at handle (/home/gray/projects/mpesaAPI/Backend/node_modules/router/index.js:435:11)\n    at Layer.handleRequest (/home/gray/projects/mpesaAPI/Backend/node_modules/router/lib/layer.js:152:17)\n    at /home/gray/projects/mpesaAPI/Backend/node_modules/router/index.js:295:15\n    at processParams (/home/gray/projects/mpesaAPI/Backend/node_modules/router/index.js:582:12)\n    at next (/home/gray/projects/mpesaAPI/Backend/node_modules/router/index.js:291:5)\n    at Function.handle (/home/gray/projects/mpesaAPI/Backend/node_modules/router/index.js:186:3)","timestamp":"2025-04-27 12:43:18"}
{"error":{"statusCode":500},"level":"error","message":"Cannot set property query of #<IncomingMessage> which has only a getter","method":"POST","path":"/api/v1/mpesa/stk-push","service":"mpesa-api","stack":"TypeError: Cannot set property query of #<IncomingMessage> which has only a getter\n    at file:///home/gray/projects/mpesaAPI/Backend/middleware/validator.js:40:15\n    at Layer.handleRequest (/home/gray/projects/mpesaAPI/Backend/node_modules/router/lib/layer.js:152:17)\n    at next (/home/gray/projects/mpesaAPI/Backend/node_modules/router/lib/route.js:157:13)\n    at Route.dispatch (/home/gray/projects/mpesaAPI/Backend/node_modules/router/lib/route.js:117:3)\n    at handle (/home/gray/projects/mpesaAPI/Backend/node_modules/router/index.js:435:11)\n    at Layer.handleRequest (/home/gray/projects/mpesaAPI/Backend/node_modules/router/lib/layer.js:152:17)\n    at /home/gray/projects/mpesaAPI/Backend/node_modules/router/index.js:295:15\n    at processParams (/home/gray/projects/mpesaAPI/Backend/node_modules/router/index.js:582:12)\n    at next (/home/gray/projects/mpesaAPI/Backend/node_modules/router/index.js:291:5)\n    at Function.handle (/home/gray/projects/mpesaAPI/Backend/node_modules/router/index.js:186:3)","timestamp":"2025-04-27 12:43:19"}
{"error":{"statusCode":500},"level":"error","message":"Cannot set property query of #<IncomingMessage> which has only a getter","method":"POST","path":"/api/v1/mpesa/stk-push","service":"mpesa-api","stack":"TypeError: Cannot set property query of #<IncomingMessage> which has only a getter\n    at file:///home/gray/projects/mpesaAPI/Backend/middleware/validator.js:40:15\n    at Layer.handleRequest (/home/gray/projects/mpesaAPI/Backend/node_modules/router/lib/layer.js:152:17)\n    at next (/home/gray/projects/mpesaAPI/Backend/node_modules/router/lib/route.js:157:13)\n    at Route.dispatch (/home/gray/projects/mpesaAPI/Backend/node_modules/router/lib/route.js:117:3)\n    at handle (/home/gray/projects/mpesaAPI/Backend/node_modules/router/index.js:435:11)\n    at Layer.handleRequest (/home/gray/projects/mpesaAPI/Backend/node_modules/router/lib/layer.js:152:17)\n    at /home/gray/projects/mpesaAPI/Backend/node_modules/router/index.js:295:15\n    at processParams (/home/gray/projects/mpesaAPI/Backend/node_modules/router/index.js:582:12)\n    at next (/home/gray/projects/mpesaAPI/Backend/node_modules/router/index.js:291:5)\n    at Function.handle (/home/gray/projects/mpesaAPI/Backend/node_modules/router/index.js:186:3)","timestamp":"2025-04-27 12:43:23"}
{"error":{"statusCode":500},"level":"error","message":"Cannot set property query of #<IncomingMessage> which has only a getter","method":"POST","path":"/api/v1/mpesa/stk-push","service":"mpesa-api","stack":"TypeError: Cannot set property query of #<IncomingMessage> which has only a getter\n    at file:///home/gray/projects/mpesaAPI/Backend/middleware/validator.js:40:15\n    at Layer.handleRequest (/home/gray/projects/mpesaAPI/Backend/node_modules/router/lib/layer.js:152:17)\n    at next (/home/gray/projects/mpesaAPI/Backend/node_modules/router/lib/route.js:157:13)\n    at Route.dispatch (/home/gray/projects/mpesaAPI/Backend/node_modules/router/lib/route.js:117:3)\n    at handle (/home/gray/projects/mpesaAPI/Backend/node_modules/router/index.js:435:11)\n    at Layer.handleRequest (/home/gray/projects/mpesaAPI/Backend/node_modules/router/lib/layer.js:152:17)\n    at /home/gray/projects/mpesaAPI/Backend/node_modules/router/index.js:295:15\n    at processParams (/home/gray/projects/mpesaAPI/Backend/node_modules/router/index.js:582:12)\n    at next (/home/gray/projects/mpesaAPI/Backend/node_modules/router/index.js:291:5)\n    at Function.handle (/home/gray/projects/mpesaAPI/Backend/node_modules/router/index.js:186:3)","timestamp":"2025-04-27 12:43:27"}
{"level":"info","message":"MongoDB Connected: ac-8idzin6-shard-00-01.vk6hawu.mongodb.net","service":"mpesa-api","timestamp":"2025-04-27 12:50:51"}
{"level":"info","message":"Server running in development mode on port 5000","service":"mpesa-api","timestamp":"2025-04-27 12:50:51"}
{"error":{"statusCode":500},"level":"error","message":"Cannot set property query of #<IncomingMessage> which has only a getter","method":"POST","path":"/api/v1/mpesa/stk-push","service":"mpesa-api","stack":"TypeError: Cannot set property query of #<IncomingMessage> which has only a getter\n    at file:///home/gray/projects/mpesaAPI/Backend/middleware/validator.js:40:15\n    at Layer.handleRequest (/home/gray/projects/mpesaAPI/Backend/node_modules/router/lib/layer.js:152:17)\n    at next (/home/gray/projects/mpesaAPI/Backend/node_modules/router/lib/route.js:157:13)\n    at Route.dispatch (/home/gray/projects/mpesaAPI/Backend/node_modules/router/lib/route.js:117:3)\n    at handle (/home/gray/projects/mpesaAPI/Backend/node_modules/router/index.js:435:11)\n    at Layer.handleRequest (/home/gray/projects/mpesaAPI/Backend/node_modules/router/lib/layer.js:152:17)\n    at /home/gray/projects/mpesaAPI/Backend/node_modules/router/index.js:295:15\n    at processParams (/home/gray/projects/mpesaAPI/Backend/node_modules/router/index.js:582:12)\n    at next (/home/gray/projects/mpesaAPI/Backend/node_modules/router/index.js:291:5)\n    at Function.handle (/home/gray/projects/mpesaAPI/Backend/node_modules/router/index.js:186:3)","timestamp":"2025-04-27 12:51:03"}
{"level":"info","message":"MongoDB Connected: ac-8idzin6-shard-00-00.vk6hawu.mongodb.net","service":"mpesa-api","timestamp":"2025-04-27 12:52:13"}
{"level":"info","message":"Server running in development mode on port 5000","service":"mpesa-api","timestamp":"2025-04-27 12:52:13"}
{"accountReference":"ORDER1234","amount":100,"level":"info","message":"STK Push request received","phoneNumber":"254112395869","service":"mpesa-api","timestamp":"2025-04-27 12:52:19"}
{"data":"","level":"error","message":"Request failed with status code 400","service":"mpesa-api","status":400,"timestamp":"2025-04-27 12:52:20","url":"/oauth/v1/generate?grant_type=client_credentials"}
{"0":"R","1":"e","10":"i","11":"l","12":"e","13":"d","14":" ","15":"w","16":"i","17":"t","18":"h","19":" ","2":"q","20":"s","21":"t","22":"a","23":"t","24":"u","25":"s","26":" ","27":"c","28":"o","29":"d","3":"u","30":"e","31":" ","32":"4","33":"0","34":"0","4":"e","5":"s","6":"t","7":" ","8":"f","9":"a","level":"error","message":"Failed to get access token:","service":"mpesa-api","timestamp":"2025-04-27 12:52:20"}
{"0":"F","1":"a","10":"a","11":"u","12":"t","13":"h","14":"e","15":"n","16":"t","17":"i","18":"c","19":"a","2":"i","20":"t","21":"e","22":" ","23":"w","24":"i","25":"t","26":"h","27":" ","28":"M","29":"-","3":"l","30":"P","31":"e","32":"s","33":"a","34":" ","35":"A","36":"P","37":"I","4":"e","5":"d","6":" ","7":"t","8":"o","9":" ","level":"error","message":"STK Push failed:","service":"mpesa-api","timestamp":"2025-04-27 12:52:20"}
{"error":{"statusCode":500},"level":"error","message":"Failed to initiate STK Push: Failed to authenticate with M-Pesa API","method":"POST","path":"/api/v1/mpesa/stk-push","service":"mpesa-api","stack":"Error: Failed to initiate STK Push: Failed to authenticate with M-Pesa API\n    at MpesaService.initiateSTKPush (file:///home/gray/projects/mpesaAPI/Backend/services/mpesa.service.js:135:7)\n    at process.processTicksAndRejections (node:internal/process/task_queues:105:5)\n    at async file:///home/gray/projects/mpesaAPI/Backend/controllers/mpesa.controller.js:24:20","timestamp":"2025-04-27 12:52:20"}
{"level":"info","message":"MongoDB Connected: ac-8idzin6-shard-00-02.vk6hawu.mongodb.net","service":"mpesa-api","timestamp":"2025-04-27 13:14:25"}
{"level":"info","message":"Server running in development mode on port 5000","service":"mpesa-api","timestamp":"2025-04-27 13:14:25"}
{"accountReference":"ORDER1234","amount":100,"level":"info","message":"STK Push request received","phoneNumber":"254112395869","service":"mpesa-api","timestamp":"2025-04-27 13:14:30"}
{"data":"","level":"error","message":"Request failed with status code 400","service":"mpesa-api","status":400,"timestamp":"2025-04-27 13:14:31","url":"/oauth/v1/generate?grant_type=client_credentials"}
{"0":"R","1":"e","10":"i","11":"l","12":"e","13":"d","14":" ","15":"w","16":"i","17":"t","18":"h","19":" ","2":"q","20":"s","21":"t","22":"a","23":"t","24":"u","25":"s","26":" ","27":"c","28":"o","29":"d","3":"u","30":"e","31":" ","32":"4","33":"0","34":"0","4":"e","5":"s","6":"t","7":" ","8":"f","9":"a","level":"error","message":"Failed to get access token:","service":"mpesa-api","timestamp":"2025-04-27 13:14:31"}
{"0":"F","1":"a","10":"a","11":"u","12":"t","13":"h","14":"e","15":"n","16":"t","17":"i","18":"c","19":"a","2":"i","20":"t","21":"e","22":" ","23":"w","24":"i","25":"t","26":"h","27":" ","28":"M","29":"-","3":"l","30":"P","31":"e","32":"s","33":"a","34":" ","35":"A","36":"P","37":"I","4":"e","5":"d","6":" ","7":"t","8":"o","9":" ","level":"error","message":"STK Push failed:","service":"mpesa-api","timestamp":"2025-04-27 13:14:31"}
{"error":{"statusCode":500},"level":"error","message":"Failed to initiate STK Push: Failed to authenticate with M-Pesa API","method":"POST","path":"/api/v1/mpesa/stk-push","service":"mpesa-api","stack":"Error: Failed to initiate STK Push: Failed to authenticate with M-Pesa API\n    at MpesaService.initiateSTKPush (file:///home/gray/projects/mpesaAPI/Backend/services/mpesa.service.js:131:13)\n    at process.processTicksAndRejections (node:internal/process/task_queues:105:5)\n    at async file:///home/gray/projects/mpesaAPI/Backend/controllers/mpesa.controller.js:24:20","timestamp":"2025-04-27 13:14:31"}
{"level":"info","message":"MongoDB Connected: ac-8idzin6-shard-00-01.vk6hawu.mongodb.net","service":"mpesa-api","timestamp":"2025-04-27 13:14:44"}
{"level":"info","message":"Server running in development mode on port 5000","service":"mpesa-api","timestamp":"2025-04-27 13:14:44"}
{"accountReference":"ORDER1234","amount":100,"level":"info","message":"STK Push request received","phoneNumber":"254112395869","service":"mpesa-api","timestamp":"2025-04-27 13:14:50"}
{"data":"","level":"error","message":"Request failed with status code 400","service":"mpesa-api","status":400,"timestamp":"2025-04-27 13:14:51","url":"/oauth/v1/generate?grant_type=client_credentials"}
{"0":"R","1":"e","10":"i","11":"l","12":"e","13":"d","14":" ","15":"w","16":"i","17":"t","18":"h","19":" ","2":"q","20":"s","21":"t","22":"a","23":"t","24":"u","25":"s","26":" ","27":"c","28":"o","29":"d","3":"u","30":"e","31":" ","32":"4","33":"0","34":"0","4":"e","5":"s","6":"t","7":" ","8":"f","9":"a","level":"error","message":"Failed to get access token:","service":"mpesa-api","timestamp":"2025-04-27 13:14:51"}
{"0":"F","1":"a","10":"a","11":"u","12":"t","13":"h","14":"e","15":"n","16":"t","17":"i","18":"c","19":"a","2":"i","20":"t","21":"e","22":" ","23":"w","24":"i","25":"t","26":"h","27":" ","28":"M","29":"-","3":"l","30":"P","31":"e","32":"s","33":"a","34":" ","35":"A","36":"P","37":"I","4":"e","5":"d","6":" ","7":"t","8":"o","9":" ","level":"error","message":"STK Push failed:","service":"mpesa-api","timestamp":"2025-04-27 13:14:51"}
{"error":{"statusCode":500},"level":"error","message":"Failed to initiate STK Push: Failed to authenticate with M-Pesa API","method":"POST","path":"/api/v1/mpesa/stk-push","service":"mpesa-api","stack":"Error: Failed to initiate STK Push: Failed to authenticate with M-Pesa API\n    at MpesaService.initiateSTKPush (file:///home/gray/projects/mpesaAPI/Backend/services/mpesa.service.js:135:7)\n    at process.processTicksAndRejections (node:internal/process/task_queues:105:5)\n    at async file:///home/gray/projects/mpesaAPI/Backend/controllers/mpesa.controller.js:24:20","timestamp":"2025-04-27 13:14:51"}
{"level":"info","message":"MongoDB Connected: ac-8idzin6-shard-00-00.vk6hawu.mongodb.net","service":"mpesa-api","timestamp":"2025-04-27 13:22:00"}
{"level":"info","message":"Server running in development mode on port 5000","service":"mpesa-api","timestamp":"2025-04-27 13:22:00"}
{"accountReference":"ORDER1234","amount":100,"level":"info","message":"STK Push request received","phoneNumber":"254112395869","service":"mpesa-api","timestamp":"2025-04-27 13:22:08"}
{"data":"","level":"error","message":"Request failed with status code 400","service":"mpesa-api","status":400,"timestamp":"2025-04-27 13:22:09","url":"/oauth/v1/generate?grant_type=client_credentials"}
{"0":"R","1":"e","10":"i","11":"l","12":"e","13":"d","14":" ","15":"w","16":"i","17":"t","18":"h","19":" ","2":"q","20":"s","21":"t","22":"a","23":"t","24":"u","25":"s","26":" ","27":"c","28":"o","29":"d","3":"u","30":"e","31":" ","32":"4","33":"0","34":"0","4":"e","5":"s","6":"t","7":" ","8":"f","9":"a","level":"error","message":"Failed to get access token:","service":"mpesa-api","timestamp":"2025-04-27 13:22:09"}
{"0":"F","1":"a","10":"a","11":"u","12":"t","13":"h","14":"e","15":"n","16":"t","17":"i","18":"c","19":"a","2":"i","20":"t","21":"e","22":" ","23":"w","24":"i","25":"t","26":"h","27":" ","28":"M","29":"-","3":"l","30":"P","31":"e","32":"s","33":"a","34":" ","35":"A","36":"P","37":"I","4":"e","5":"d","6":" ","7":"t","8":"o","9":" ","level":"error","message":"STK Push failed:","service":"mpesa-api","timestamp":"2025-04-27 13:22:09"}
{"error":{"statusCode":500},"level":"error","message":"Failed to initiate STK Push: Failed to authenticate with M-Pesa API","method":"POST","path":"/api/v1/mpesa/stk-push","service":"mpesa-api","stack":"Error: Failed to initiate STK Push: Failed to authenticate with M-Pesa API\n    at MpesaService.initiateSTKPush (file:///home/gray/projects/mpesaAPI/Backend/services/mpesa.service.js:135:7)\n    at process.processTicksAndRejections (node:internal/process/task_queues:105:5)\n    at async file:///home/gray/projects/mpesaAPI/Backend/controllers/mpesa.controller.js:24:20","timestamp":"2025-04-27 13:22:09"}
{"accountReference":"ORDER1234","amount":100,"level":"info","message":"STK Push request received","phoneNumber":"254112395869","service":"mpesa-api","timestamp":"2025-04-27 13:22:13"}
{"data":"","level":"error","message":"Request failed with status code 400","service":"mpesa-api","status":400,"timestamp":"2025-04-27 13:22:14","url":"/oauth/v1/generate?grant_type=client_credentials"}
{"0":"R","1":"e","10":"i","11":"l","12":"e","13":"d","14":" ","15":"w","16":"i","17":"t","18":"h","19":" ","2":"q","20":"s","21":"t","22":"a","23":"t","24":"u","25":"s","26":" ","27":"c","28":"o","29":"d","3":"u","30":"e","31":" ","32":"4","33":"0","34":"0","4":"e","5":"s","6":"t","7":" ","8":"f","9":"a","level":"error","message":"Failed to get access token:","service":"mpesa-api","timestamp":"2025-04-27 13:22:14"}
{"0":"F","1":"a","10":"a","11":"u","12":"t","13":"h","14":"e","15":"n","16":"t","17":"i","18":"c","19":"a","2":"i","20":"t","21":"e","22":" ","23":"w","24":"i","25":"t","26":"h","27":" ","28":"M","29":"-","3":"l","30":"P","31":"e","32":"s","33":"a","34":" ","35":"A","36":"P","37":"I","4":"e","5":"d","6":" ","7":"t","8":"o","9":" ","level":"error","message":"STK Push failed:","service":"mpesa-api","timestamp":"2025-04-27 13:22:14"}
{"error":{"statusCode":500},"level":"error","message":"Failed to initiate STK Push: Failed to authenticate with M-Pesa API","method":"POST","path":"/api/v1/mpesa/stk-push","service":"mpesa-api","stack":"Error: Failed to initiate STK Push: Failed to authenticate with M-Pesa API\n    at MpesaService.initiateSTKPush (file:///home/gray/projects/mpesaAPI/Backend/services/mpesa.service.js:135:7)\n    at process.processTicksAndRejections (node:internal/process/task_queues:105:5)\n    at async file:///home/gray/projects/mpesaAPI/Backend/controllers/mpesa.controller.js:24:20","timestamp":"2025-04-27 13:22:14"}
{"accountReference":"ORDER1234","amount":100,"level":"info","message":"STK Push request received","phoneNumber":"254112395869","service":"mpesa-api","timestamp":"2025-04-27 13:22:52"}
{"data":"","level":"error","message":"Request failed with status code 400","service":"mpesa-api","status":400,"timestamp":"2025-04-27 13:22:53","url":"/oauth/v1/generate?grant_type=client_credentials"}
{"0":"R","1":"e","10":"i","11":"l","12":"e","13":"d","14":" ","15":"w","16":"i","17":"t","18":"h","19":" ","2":"q","20":"s","21":"t","22":"a","23":"t","24":"u","25":"s","26":" ","27":"c","28":"o","29":"d","3":"u","30":"e","31":" ","32":"4","33":"0","34":"0","4":"e","5":"s","6":"t","7":" ","8":"f","9":"a","level":"error","message":"Failed to get access token:","service":"mpesa-api","timestamp":"2025-04-27 13:22:53"}
{"0":"F","1":"a","10":"a","11":"u","12":"t","13":"h","14":"e","15":"n","16":"t","17":"i","18":"c","19":"a","2":"i","20":"t","21":"e","22":" ","23":"w","24":"i","25":"t","26":"h","27":" ","28":"M","29":"-","3":"l","30":"P","31":"e","32":"s","33":"a","34":" ","35":"A","36":"P","37":"I","4":"e","5":"d","6":" ","7":"t","8":"o","9":" ","level":"error","message":"STK Push failed:","service":"mpesa-api","timestamp":"2025-04-27 13:22:53"}
{"error":{"statusCode":500},"level":"error","message":"Failed to initiate STK Push: Failed to authenticate with M-Pesa API","method":"POST","path":"/api/v1/mpesa/stk-push","service":"mpesa-api","stack":"Error: Failed to initiate STK Push: Failed to authenticate with M-Pesa API\n    at MpesaService.initiateSTKPush (file:///home/gray/projects/mpesaAPI/Backend/services/mpesa.service.js:135:7)\n    at process.processTicksAndRejections (node:internal/process/task_queues:105:5)\n    at async file:///home/gray/projects/mpesaAPI/Backend/controllers/mpesa.controller.js:24:20","timestamp":"2025-04-27 13:22:53"}
{"level":"info","message":"MongoDB Connected: ac-8idzin6-shard-00-02.vk6hawu.mongodb.net","service":"mpesa-api","timestamp":"2025-04-28 19:25:52"}
{"level":"info","message":"Server running in development mode on port 5000","service":"mpesa-api","timestamp":"2025-04-28 19:25:52"}
{"accountReference":"ORDER1234","amount":100,"level":"info","message":"STK Push request received","phoneNumber":"254112395869","service":"mpesa-api","timestamp":"2025-04-28 19:26:08"}
{"data":"","level":"error","message":"Request failed with status code 400","service":"mpesa-api","status":400,"timestamp":"2025-04-28 19:26:10","url":"/oauth/v1/generate?grant_type=client_credentials"}
{"0":"R","1":"e","10":"i","11":"l","12":"e","13":"d","14":" ","15":"w","16":"i","17":"t","18":"h","19":" ","2":"q","20":"s","21":"t","22":"a","23":"t","24":"u","25":"s","26":" ","27":"c","28":"o","29":"d","3":"u","30":"e","31":" ","32":"4","33":"0","34":"0","4":"e","5":"s","6":"t","7":" ","8":"f","9":"a","level":"error","message":"Failed to get access token:","service":"mpesa-api","timestamp":"2025-04-28 19:26:10"}
{"0":"F","1":"a","10":"a","11":"u","12":"t","13":"h","14":"e","15":"n","16":"t","17":"i","18":"c","19":"a","2":"i","20":"t","21":"e","22":" ","23":"w","24":"i","25":"t","26":"h","27":" ","28":"M","29":"-","3":"l","30":"P","31":"e","32":"s","33":"a","34":" ","35":"A","36":"P","37":"I","4":"e","5":"d","6":" ","7":"t","8":"o","9":" ","level":"error","message":"STK Push failed:","service":"mpesa-api","timestamp":"2025-04-28 19:26:10"}
{"error":{"statusCode":500},"level":"error","message":"Failed to initiate STK Push: Failed to authenticate with M-Pesa API","method":"POST","path":"/api/v1/mpesa/stk-push","service":"mpesa-api","stack":"Error: Failed to initiate STK Push: Failed to authenticate with M-Pesa API\n    at MpesaService.initiateSTKPush (file:///home/gray/projects/mpesaAPI/Backend/services/mpesa.service.js:135:7)\n    at process.processTicksAndRejections (node:internal/process/task_queues:105:5)\n    at async file:///home/gray/projects/mpesaAPI/Backend/controllers/mpesa.controller.js:24:20","timestamp":"2025-04-28 19:26:10"}
{"level":"info","message":"MongoDB Connected: ac-8idzin6-shard-00-00.vk6hawu.mongodb.net","service":"mpesa-api","timestamp":"2025-04-28 19:33:40"}
{"level":"info","message":"Server running in development mode on port 5000","service":"mpesa-api","timestamp":"2025-04-28 19:33:40"}
{"level":"error","message":"Error connecting to MongoDB: connect ECONNREFUSED ::1:27017, connect ECONNREFUSED 127.0.0.1:27017","service":"mpesa-api","timestamp":"2025-04-28 19:34:45"}
{"level":"error","message":"Error connecting to MongoDB: connect ECONNREFUSED ::1:27017, connect ECONNREFUSED 127.0.0.1:27017","service":"mpesa-api","timestamp":"2025-04-28 19:35:20"}
{"level":"error","message":"Error connecting to MongoDB: connect ECONNREFUSED ::1:27017, connect ECONNREFUSED 127.0.0.1:27017","service":"mpesa-api","timestamp":"2025-04-28 19:36:35"}
{"level":"error","message":"Error connecting to MongoDB: connect ECONNREFUSED ::1:27017, connect ECONNREFUSED 127.0.0.1:27017","service":"mpesa-api","timestamp":"2025-04-28 19:38:33"}
{"level":"info","message":"MongoDB Connected: ac-8idzin6-shard-00-02.vk6hawu.mongodb.net","service":"mpesa-api","timestamp":"2025-04-28 19:47:34"}
{"level":"info","message":"Server running in development mode on port 5000","service":"mpesa-api","timestamp":"2025-04-28 19:47:34"}
{"accountReference":"ORDER1234","amount":100,"level":"info","message":"STK Push request received","phoneNumber":"254112395869","service":"mpesa-api","timestamp":"2025-04-28 19:47:42"}
{"level":"error","message":"Username and password are required for Basic Auth","service":"mpesa-api","timestamp":"2025-04-28 19:47:42"}
{"level":"error","message":"Failed to authenticate with M-Pesa API","service":"mpesa-api","timestamp":"2025-04-28 19:47:42"}
{"error":{"statusCode":500},"level":"error","message":"Failed to initiate STK Push: Failed to authenticate with M-Pesa API","method":"POST","path":"/api/v1/mpesa/stk-push","service":"mpesa-api","stack":"Error: Failed to initiate STK Push: Failed to authenticate with M-Pesa API\n    at MpesaService.initiateSTKPush (file:///home/gray/projects/mpesaAPI/Backend/services/mpesa.service.js:161:13)\n    at process.processTicksAndRejections (node:internal/process/task_queues:105:5)\n    at async file:///home/gray/projects/mpesaAPI/Backend/controllers/mpesa.controller.js:24:20","timestamp":"2025-04-28 19:47:42"}
{"accountReference":"ORDER1234","amount":100,"level":"info","message":"STK Push request received","phoneNumber":"254112395869","service":"mpesa-api","timestamp":"2025-04-28 19:47:43"}
{"level":"error","message":"Username and password are required for Basic Auth","service":"mpesa-api","timestamp":"2025-04-28 19:47:43"}
{"level":"error","message":"Failed to authenticate with M-Pesa API","service":"mpesa-api","timestamp":"2025-04-28 19:47:43"}
{"error":{"statusCode":500},"level":"error","message":"Failed to initiate STK Push: Failed to authenticate with M-Pesa API","method":"POST","path":"/api/v1/mpesa/stk-push","service":"mpesa-api","stack":"Error: Failed to initiate STK Push: Failed to authenticate with M-Pesa API\n    at MpesaService.initiateSTKPush (file:///home/gray/projects/mpesaAPI/Backend/services/mpesa.service.js:161:13)\n    at process.processTicksAndRejections (node:internal/process/task_queues:105:5)\n    at async file:///home/gray/projects/mpesaAPI/Backend/controllers/mpesa.controller.js:24:20","timestamp":"2025-04-28 19:47:43"}
{"accountReference":"ORDER1234","amount":100,"level":"info","message":"STK Push request received","phoneNumber":"254112395869","service":"mpesa-api","timestamp":"2025-04-28 19:47:44"}
{"level":"error","message":"Username and password are required for Basic Auth","service":"mpesa-api","timestamp":"2025-04-28 19:47:44"}
{"level":"error","message":"Failed to authenticate with M-Pesa API","service":"mpesa-api","timestamp":"2025-04-28 19:47:44"}
{"error":{"statusCode":500},"level":"error","message":"Failed to initiate STK Push: Failed to authenticate with M-Pesa API","method":"POST","path":"/api/v1/mpesa/stk-push","service":"mpesa-api","stack":"Error: Failed to initiate STK Push: Failed to authenticate with M-Pesa API\n    at MpesaService.initiateSTKPush (file:///home/gray/projects/mpesaAPI/Backend/services/mpesa.service.js:161:13)\n    at process.processTicksAndRejections (node:internal/process/task_queues:105:5)\n    at async file:///home/gray/projects/mpesaAPI/Backend/controllers/mpesa.controller.js:24:20","timestamp":"2025-04-28 19:47:44"}
{"level":"info","message":"MongoDB Connected: ac-8idzin6-shard-00-02.vk6hawu.mongodb.net","service":"mpesa-api","timestamp":"2025-04-28 19:53:14"}
{"level":"info","message":"Server running in development mode on port 5000","service":"mpesa-api","timestamp":"2025-04-28 19:53:14"}
{"accountReference":"ORDER1234","amount":100,"level":"info","message":"STK Push request received","phoneNumber":"254112395869","service":"mpesa-api","timestamp":"2025-04-28 20:08:37"}
{"level":"info","message":"Getting M-Pesa access token","service":"mpesa-api","timestamp":"2025-04-28 20:08:37"}
{"level":"info","message":"Successfully obtained M-Pesa access token","service":"mpesa-api","timestamp":"2025-04-28 20:08:37"}
{"amount":100,"level":"info","message":"Initiating STK Push:","phoneNumber":"254112395869","reference":"ORDER1234","service":"mpesa-api","timestamp":"2025-04-28 20:08:37"}
{"accountReference":"ORDER1234","amount":1000,"level":"info","message":"STK Push request received","phoneNumber":"254112395869","service":"mpesa-api","timestamp":"2025-04-28 20:09:32"}
{"level":"info","message":"Getting M-Pesa access token","service":"mpesa-api","timestamp":"2025-04-28 20:09:32"}
{"level":"info","message":"Successfully obtained M-Pesa access token","service":"mpesa-api","timestamp":"2025-04-28 20:09:33"}
{"amount":1000,"level":"info","message":"Initiating STK Push:","phoneNumber":"254112395869","reference":"ORDER1234","service":"mpesa-api","timestamp":"2025-04-28 20:09:33"}
{"level":"info","message":"MongoDB Connected: ac-8idzin6-shard-00-01.vk6hawu.mongodb.net","service":"mpesa-api","timestamp":"2025-04-28 22:20:13"}
{"level":"info","message":"Server running in development mode on port 5000","service":"mpesa-api","timestamp":"2025-04-28 22:20:13"}
{"level":"info","message":"MongoDB Connected: ac-8idzin6-shard-00-02.vk6hawu.mongodb.net","service":"mpesa-api","timestamp":"2025-04-28 22:22:52"}
{"level":"info","message":"Server running in development mode on port 5000","service":"mpesa-api","timestamp":"2025-04-28 22:22:52"}
{"level":"warn","message":"Expected property name or '}' in JSON at position 1 (line 1 column 2)","method":"POST","path":"/api/payments/stk-push","service":"mpesa-api","statusCode":400,"timestamp":"2025-04-28 22:24:05"}
{"level":"warn","message":"Not found - /api/payments/stk-push","method":"POST","path":"/api/payments/stk-push","service":"mpesa-api","statusCode":404,"timestamp":"2025-04-28 22:24:53"}
{"accountReference":"ORDER1234","amount":1000,"level":"info","message":"STK Push request received","phoneNumber":"254112395869","service":"mpesa-api","timestamp":"2025-04-28 22:25:23"}
{"level":"info","message":"Getting M-Pesa access token","service":"mpesa-api","timestamp":"2025-04-28 22:25:23"}
{"level":"info","message":"Successfully obtained M-Pesa access token","service":"mpesa-api","timestamp":"2025-04-28 22:25:24"}
{"amount":1000,"level":"info","message":"Initiating STK Push:","phoneNumber":"254112395869","reference":"ORDER1234","service":"mpesa-api","timestamp":"2025-04-28 22:25:24"}
{"level":"info","message":"MongoDB Connected: ac-8idzin6-shard-00-02.vk6hawu.mongodb.net","service":"mpesa-api","timestamp":"2025-04-28 22:27:26"}
{"level":"info","message":"Server running in development mode on port 5000","service":"mpesa-api","timestamp":"2025-04-28 22:27:26"}
{"level":"info","message":"MongoDB Connected: ac-8idzin6-shard-00-00.vk6hawu.mongodb.net","service":"mpesa-api","timestamp":"2025-04-28 22:27:32"}
{"level":"info","message":"Server running in development mode on port 5000","service":"mpesa-api","timestamp":"2025-04-28 22:27:32"}
{"level":"warn","message":"Not found - /api/payments/stk-push","method":"POST","path":"/api/payments/stk-push","service":"mpesa-api","statusCode":404,"timestamp":"2025-04-28 22:27:40"}
{"level":"warn","message":"Not found - /api/payments/stk-push","method":"POST","path":"/api/payments/stk-push","service":"mpesa-api","statusCode":404,"timestamp":"2025-04-28 22:27:43"}
{"level":"warn","message":"Not found - /api/payments/stk-push","method":"POST","path":"/api/payments/stk-push","service":"mpesa-api","statusCode":404,"timestamp":"2025-04-28 22:27:44"}
{"level":"warn","message":"Not found - /api/payments/stk-push","method":"POST","path":"/api/payments/stk-push","service":"mpesa-api","statusCode":404,"timestamp":"2025-04-28 22:27:50"}
{"level":"warn","message":"Not found - /api/payments/stk-push","method":"POST","path":"/api/payments/stk-push","service":"mpesa-api","statusCode":404,"timestamp":"2025-04-28 22:27:52"}
{"level":"info","message":"MongoDB Connected: ac-8idzin6-shard-00-02.vk6hawu.mongodb.net","service":"mpesa-api","timestamp":"2025-04-28 22:28:15"}
{"level":"info","message":"Server running in development mode on port 5000","service":"mpesa-api","timestamp":"2025-04-28 22:28:15"}
{"level":"warn","message":"Not found - /api/mpesa/stk-push","method":"POST","path":"/api/mpesa/stk-push","service":"mpesa-api","statusCode":404,"timestamp":"2025-04-28 22:28:24"}
{"level":"warn","message":"Not found - /api/mpesa/stk-push","method":"POST","path":"/api/mpesa/stk-push","service":"mpesa-api","statusCode":404,"timestamp":"2025-04-28 22:28:26"}
{"level":"warn","message":"Not found - /api/mpesa/stk-push","method":"POST","path":"/api/mpesa/stk-push","service":"mpesa-api","statusCode":404,"timestamp":"2025-04-28 22:28:26"}
{"accountReference":"ORDER1234","amount":1000,"level":"info","message":"STK Push request received","phoneNumber":"254112395869","service":"mpesa-api","timestamp":"2025-04-28 22:28:39"}
{"level":"info","message":"Getting M-Pesa access token","service":"mpesa-api","timestamp":"2025-04-28 22:28:39"}
{"level":"info","message":"Successfully obtained M-Pesa access token","service":"mpesa-api","timestamp":"2025-04-28 22:28:39"}
{"amount":1000,"level":"info","message":"Initiating STK Push:","phoneNumber":"254112395869","reference":"ORDER1234","service":"mpesa-api","timestamp":"2025-04-28 22:28:39"}
{"level":"warn","message":"Not found - /api/mpesa/stk-push","method":"POST","path":"/api/mpesa/stk-push","service":"mpesa-api","statusCode":404,"timestamp":"2025-04-28 22:29:18"}
{"level":"warn","message":"Not found - /api/mpesa/stk-push","method":"POST","path":"/api/mpesa/stk-push","service":"mpesa-api","statusCode":404,"timestamp":"2025-04-28 22:29:20"}
{"accountReference":"TEST123","amount":1,"level":"info","message":"STK Push request received","phoneNumber":"0112395869","service":"mpesa-api","timestamp":"2025-04-28 22:31:03"}
{"level":"info","message":"Getting M-Pesa access token","service":"mpesa-api","timestamp":"2025-04-28 22:31:03"}
{"level":"info","message":"Successfully obtained M-Pesa access token","service":"mpesa-api","timestamp":"2025-04-28 22:31:04"}
{"amount":1,"level":"info","message":"Initiating STK Push:","phoneNumber":"254112395869","reference":"TEST123","service":"mpesa-api","timestamp":"2025-04-28 22:31:04"}
{"amount":100,"commandID":"BusinessPayment","level":"info","message":"B2C payment request received","phoneNumber":"0112395869","service":"mpesa-api","timestamp":"2025-04-28 22:32:31"}
{"level":"info","message":"Getting M-Pesa access token","service":"mpesa-api","timestamp":"2025-04-28 22:32:31"}
{"level":"info","message":"Successfully obtained M-Pesa access token","service":"mpesa-api","timestamp":"2025-04-28 22:32:32"}
{"amount":100,"level":"info","message":"Sending B2C payment:","phoneNumber":"254112395869","service":"mpesa-api","timestamp":"2025-04-28 22:32:32","transactionID":"B2C1745868752244506"}
{"level":"info","message":"MongoDB Connected: ac-8idzin6-shard-00-02.vk6hawu.mongodb.net","service":"mpesa-api","timestamp":"2025-04-28 22:36:48"}
{"level":"info","message":"Server running in development mode on port 5000","service":"mpesa-api","timestamp":"2025-04-28 22:36:48"}
{"level":"info","message":"MongoDB Connected: ac-8idzin6-shard-00-02.vk6hawu.mongodb.net","service":"mpesa-api","timestamp":"2025-04-28 22:47:57"}
{"level":"info","message":"Server running in development mode on port 5000","service":"mpesa-api","timestamp":"2025-04-28 22:47:57"}
{"level":"error","message":"Error connecting to MongoDB: Could not connect to any servers in your MongoDB Atlas cluster. One common reason is that you're trying to access the database from an IP that isn't whitelisted. Make sure your current IP address is on your Atlas cluster's IP whitelist: https://www.mongodb.com/docs/atlas/security-whitelist/","service":"mpesa-api","timestamp":"2025-04-29 19:40:41"}
{"level":"info","message":"MongoDB Connected: ac-8idzin6-shard-00-00.vk6hawu.mongodb.net","service":"mpesa-api","timestamp":"2025-04-29 19:48:41"}
{"level":"info","message":"Server running in development mode on port 5000","service":"mpesa-api","timestamp":"2025-04-29 19:48:41"}
{"accountReference":"TEST123","amount":1,"level":"info","message":"STK Push request received","phoneNumber":"0708374149","service":"mpesa-api","timestamp":"2025-04-29 19:48:55"}
{"level":"info","message":"Getting M-Pesa access token","service":"mpesa-api","timestamp":"2025-04-29 19:48:55"}
{"level":"info","message":"Successfully obtained M-Pesa access token","service":"mpesa-api","timestamp":"2025-04-29 19:48:57"}
{"amount":1,"level":"info","message":"Initiating STK Push:","phoneNumber":"254708374149","reference":"TEST123","service":"mpesa-api","timestamp":"2025-04-29 19:48:57"}
{"level":"info","message":"MongoDB Connected: ac-8idzin6-shard-00-01.vk6hawu.mongodb.net","service":"mpesa-api","timestamp":"2025-04-29 20:04:08"}
{"level":"info","message":"Server running in development mode on port 5000","service":"mpesa-api","timestamp":"2025-04-29 20:04:08"}
{"accountReference":"TEST123","amount":1,"level":"info","message":"STK Push request received","phoneNumber":"0112398869","service":"mpesa-api","timestamp":"2025-04-29 20:04:43"}
{"level":"info","message":"Getting M-Pesa access token","service":"mpesa-api","timestamp":"2025-04-29 20:04:43"}
{"level":"info","message":"Successfully obtained M-Pesa access token","service":"mpesa-api","timestamp":"2025-04-29 20:04:55"}
{"amount":1,"level":"info","message":"Initiating STK Push:","phoneNumber":"254112398869","reference":"TEST123","service":"mpesa-api","timestamp":"2025-04-29 20:04:55"}
{"data":"","level":"error","message":"Request failed with status code 404","service":"mpesa-api","status":404,"timestamp":"2025-04-29 20:04:56","url":"/payments/stkpush/v1/processrequest"}
{"level":"error","message":"Request failed with status code 404","response":"","service":"mpesa-api","status":404,"timestamp":"2025-04-29 20:04:56"}
{"error":{"statusCode":500},"level":"error","message":"Failed to initiate STK Push: Request failed with status code 404","method":"POST","path":"/api/v1/payments/stk-push","service":"mpesa-api","stack":"Error: Failed to initiate STK Push: Request failed with status code 404\n    at MpesaService.initiateSTKPush (file:///home/gray/projects/mpesaAPI/Backend/services/mpesa.service.js:161:13)\n    at process.processTicksAndRejections (node:internal/process/task_queues:105:5)\n    at async file:///home/gray/projects/mpesaAPI/Backend/controllers/mpesa.controller.js:24:20","timestamp":"2025-04-29 20:04:56"}
{"level":"info","message":"MongoDB Connected: ac-8idzin6-shard-00-02.vk6hawu.mongodb.net","service":"mpesa-api","timestamp":"2025-04-29 20:05:31"}
{"level":"info","message":"Server running in development mode on port 5000","service":"mpesa-api","timestamp":"2025-04-29 20:05:31"}
{"level":"info","message":"MongoDB Connected: ac-8idzin6-shard-00-01.vk6hawu.mongodb.net","service":"mpesa-api","timestamp":"2025-04-29 20:05:58"}
{"level":"info","message":"Server running in development mode on port 5000","service":"mpesa-api","timestamp":"2025-04-29 20:05:58"}
{"level":"info","message":"MongoDB Connected: ac-8idzin6-shard-00-00.vk6hawu.mongodb.net","service":"mpesa-api","timestamp":"2025-04-29 20:06:28"}
{"level":"info","message":"Server running in development mode on port 5000","service":"mpesa-api","timestamp":"2025-04-29 20:06:28"}
{"level":"info","message":"MongoDB Connected: ac-8idzin6-shard-00-01.vk6hawu.mongodb.net","service":"mpesa-api","timestamp":"2025-04-29 20:06:38"}
{"level":"info","message":"Server running in development mode on port 5000","service":"mpesa-api","timestamp":"2025-04-29 20:06:38"}
{"level":"info","message":"MongoDB Connected: ac-8idzin6-shard-00-00.vk6hawu.mongodb.net","service":"mpesa-api","timestamp":"2025-04-29 21:32:29"}
{"level":"info","message":"Server running in development mode on port 5000","service":"mpesa-api","timestamp":"2025-04-29 21:32:29"}
{"level":"warn","message":"Not found - /api/v1/payments/stk-push","method":"POST","path":"/api/v1/payments/stk-push","service":"mpesa-api","statusCode":404,"timestamp":"2025-04-29 21:32:49"}
{"level":"warn","message":"Not found - /api/v1/mpesa/stk-push","method":"POST","path":"/api/v1/mpesa/stk-push","service":"mpesa-api","statusCode":404,"timestamp":"2025-04-29 21:33:19"}
{"level":"info","message":"MongoDB Connected: ac-8idzin6-shard-00-01.vk6hawu.mongodb.net","service":"mpesa-api","timestamp":"2025-04-29 21:33:59"}
{"level":"info","message":"Server running in development mode on port 5000","service":"mpesa-api","timestamp":"2025-04-29 21:33:59"}
{"accountReference":"TEST123","amount":1,"level":"info","message":"STK Push request received","phoneNumber":"0112398869","service":"mpesa-api","timestamp":"2025-04-29 21:34:04"}
{"amount":1,"level":"info","message":"Initiating STK Push:","phoneNumber":"254112398869","reference":"TEST123","service":"mpesa-api","timestamp":"2025-04-29 21:34:05"}
{"level":"info","message":"Set 120s timeout for transaction ws_CO_29042025213558433112398869","service":"mpesa-api","timestamp":"2025-04-29 21:34:06"}
{"accountReference":"TEST123","amount":1,"level":"info","message":"STK Push request received","phoneNumber":"0112395869","service":"mpesa-api","timestamp":"2025-04-29 21:35:10"}
{"amount":1,"level":"info","message":"Initiating STK Push:","phoneNumber":"254112395869","reference":"TEST123","service":"mpesa-api","timestamp":"2025-04-29 21:35:10"}
{"level":"info","message":"Set 120s timeout for transaction ws_CO_29042025213508606112395869","service":"mpesa-api","timestamp":"2025-04-29 21:35:11"}
{"level":"info","message":"Transaction timeout reached for ws_CO_29042025213558433112398869","service":"mpesa-api","timestamp":"2025-04-29 21:36:06"}
{"0":"f","1":"i","10":"(","11":".","12":".","13":".","14":")","15":".","16":"s","17":"e","18":"l","19":"e","2":"n","20":"c","21":"t","22":"(","23":".","24":".","25":".","26":")","27":".","28":"e","29":"q","3":"e","30":"(","31":".","32":".","33":".","34":")","35":".","36":"e","37":"q","38":" ","39":"i","4":".","40":"s","41":" ","42":"n","43":"o","44":"t","45":" ","46":"a","47":" ","48":"f","49":"u","5":"t","50":"n","51":"c","52":"t","53":"i","54":"o","55":"n","6":"a","7":"b","8":"l","9":"e","level":"error","message":"Error handling transaction timeout for ws_CO_29042025213558433112398869:","service":"mpesa-api","timestamp":"2025-04-29 21:36:06"}
{"level":"info","message":"Transaction timeout reached for ws_CO_29042025213508606112395869","service":"mpesa-api","timestamp":"2025-04-29 21:37:11"}
{"0":"f","1":"i","10":"(","11":".","12":".","13":".","14":")","15":".","16":"s","17":"e","18":"l","19":"e","2":"n","20":"c","21":"t","22":"(","23":".","24":".","25":".","26":")","27":".","28":"e","29":"q","3":"e","30":"(","31":".","32":".","33":".","34":")","35":".","36":"e","37":"q","38":" ","39":"i","4":".","40":"s","41":" ","42":"n","43":"o","44":"t","45":" ","46":"a","47":" ","48":"f","49":"u","5":"t","50":"n","51":"c","52":"t","53":"i","54":"o","55":"n","6":"a","7":"b","8":"l","9":"e","level":"error","message":"Error handling transaction timeout for ws_CO_29042025213508606112395869:","service":"mpesa-api","timestamp":"2025-04-29 21:37:11"}
{"accountReference":"TEST123","amount":1,"level":"info","message":"STK Push request received","phoneNumber":"0112395869","service":"mpesa-api","timestamp":"2025-04-29 21:39:08"}
{"amount":1,"level":"info","message":"Initiating STK Push:","phoneNumber":"254112395869","reference":"TEST123","service":"mpesa-api","timestamp":"2025-04-29 21:39:09"}
{"level":"info","message":"Set 120s timeout for transaction ws_CO_29042025213907047112395869","service":"mpesa-api","timestamp":"2025-04-29 21:39:09"}
{"level":"info","message":"Transaction timeout reached for ws_CO_29042025213907047112395869","service":"mpesa-api","timestamp":"2025-04-29 21:41:09"}
{"0":"f","1":"i","10":"(","11":".","12":".","13":".","14":")","15":".","16":"s","17":"e","18":"l","19":"e","2":"n","20":"c","21":"t","22":"(","23":".","24":".","25":".","26":")","27":".","28":"e","29":"q","3":"e","30":"(","31":".","32":".","33":".","34":")","35":".","36":"e","37":"q","38":" ","39":"i","4":".","40":"s","41":" ","42":"n","43":"o","44":"t","45":" ","46":"a","47":" ","48":"f","49":"u","5":"t","50":"n","51":"c","52":"t","53":"i","54":"o","55":"n","6":"a","7":"b","8":"l","9":"e","level":"error","message":"Error handling transaction timeout for ws_CO_29042025213907047112395869:","service":"mpesa-api","timestamp":"2025-04-29 21:41:09"}
{"level":"info","message":"MongoDB Connected: ac-8idzin6-shard-00-00.vk6hawu.mongodb.net","service":"mpesa-api","timestamp":"2025-04-29 21:52:39"}
{"level":"info","message":"Server running in development mode on port 5000","service":"mpesa-api","timestamp":"2025-04-29 21:52:39"}
{"level":"info","message":"MongoDB Connected: ac-8idzin6-shard-00-02.vk6hawu.mongodb.net","service":"mpesa-api","timestamp":"2025-04-29 21:52:55"}
{"level":"info","message":"Server running in development mode on port 5000","service":"mpesa-api","timestamp":"2025-04-29 21:52:55"}
{"level":"info","message":"MongoDB Connected: ac-8idzin6-shard-00-01.vk6hawu.mongodb.net","service":"mpesa-api","timestamp":"2025-04-29 21:53:27"}
{"level":"info","message":"Server running in development mode on port 5000","service":"mpesa-api","timestamp":"2025-04-29 21:53:27"}
{"accountReference":"TEST123","amount":1,"level":"info","message":"STK Push request received","phoneNumber":"0112395869","service":"mpesa-api","timestamp":"2025-04-29 21:53:39"}
{"amount":1,"level":"info","message":"Initiating STK Push:","phoneNumber":"254112395869","reference":"TEST123","service":"mpesa-api","timestamp":"2025-04-29 21:53:40"}
{"level":"info","message":"Set 120s timeout for transaction ws_CO_29042025215533070112395869","service":"mpesa-api","timestamp":"2025-04-29 21:53:41"}
{"level":"info","message":"Transaction timeout reached for ws_CO_29042025215533070112395869","service":"mpesa-api","timestamp":"2025-04-29 21:55:41"}
{"0":"f","1":"i","10":"(","11":".","12":".","13":".","14":")","15":".","16":"s","17":"e","18":"l","19":"e","2":"n","20":"c","21":"t","22":"(","23":".","24":".","25":".","26":")","27":".","28":"e","29":"q","3":"e","30":"(","31":".","32":".","33":".","34":")","35":".","36":"e","37":"q","38":" ","39":"i","4":".","40":"s","41":" ","42":"n","43":"o","44":"t","45":" ","46":"a","47":" ","48":"f","49":"u","5":"t","50":"n","51":"c","52":"t","53":"i","54":"o","55":"n","6":"a","7":"b","8":"l","9":"e","level":"error","message":"Error handling transaction timeout for ws_CO_29042025215533070112395869:","service":"mpesa-api","timestamp":"2025-04-29 21:55:41"}
{"level":"info","message":"MongoDB Connected: ac-8idzin6-shard-00-02.vk6hawu.mongodb.net","service":"mpesa-api","timestamp":"2025-04-29 22:04:39"}
{"level":"info","message":"Server running in development mode on port 5000","service":"mpesa-api","timestamp":"2025-04-29 22:04:39"}
{"level":"info","message":"MongoDB Connected: ac-8idzin6-shard-00-00.vk6hawu.mongodb.net","service":"mpesa-api","timestamp":"2025-04-29 22:04:53"}
{"level":"info","message":"Server running in development mode on port 5000","service":"mpesa-api","timestamp":"2025-04-29 22:04:53"}
{"level":"info","message":"MongoDB Connected: ac-8idzin6-shard-00-01.vk6hawu.mongodb.net","service":"mpesa-api","timestamp":"2025-04-29 22:05:15"}
{"level":"info","message":"Server running in development mode on port 5000","service":"mpesa-api","timestamp":"2025-04-29 22:05:15"}
{"accountReference":"TEST123","amount":1,"level":"info","message":"STK Push request received","phoneNumber":"0112395869","service":"mpesa-api","timestamp":"2025-04-29 22:05:20"}
{"amount":1,"level":"info","message":"Initiating STK Push:","phoneNumber":"254112395869","reference":"TEST123","service":"mpesa-api","timestamp":"2025-04-29 22:05:21"}
{"level":"info","message":"Set 120s timeout for transaction ws_CO_29042025220714039112395869","service":"mpesa-api","timestamp":"2025-04-29 22:05:21"}
{"level":"info","message":"Polling STK status for ws_CO_29042025220714039112395869 (attempt 1/12)","service":"mpesa-api","timestamp":"2025-04-29 22:05:26"}
{"level":"info","message":"Querying STK status for ws_CO_29042025220714039112395869","service":"mpesa-api","timestamp":"2025-04-29 22:05:27"}
{"data":{"errorCode":"500.001.1001","errorMessage":"The transaction is being processed","requestId":"ws_CO_29042025220714039112395869"},"level":"error","message":"Request failed with status code 500","service":"mpesa-api","status":500,"timestamp":"2025-04-29 22:05:28","url":"/mpesa/stkpushquery/v1/query"}
{"0":"R","1":"e","10":"i","11":"l","12":"e","13":"d","14":" ","15":"w","16":"i","17":"t","18":"h","19":" ","2":"q","20":"s","21":"t","22":"a","23":"t","24":"u","25":"s","26":" ","27":"c","28":"o","29":"d","3":"u","30":"e","31":" ","32":"5","33":"0","34":"0","4":"e","5":"s","6":"t","7":" ","8":"f","9":"a","level":"error","message":"Error querying STK status for ws_CO_29042025220714039112395869:","service":"mpesa-api","timestamp":"2025-04-29 22:05:28"}
{"0":"R","1":"e","10":"i","11":"l","12":"e","13":"d","14":" ","15":"w","16":"i","17":"t","18":"h","19":" ","2":"q","20":"s","21":"t","22":"a","23":"t","24":"u","25":"s","26":" ","27":"c","28":"o","29":"d","3":"u","30":"e","31":" ","32":"5","33":"0","34":"0","4":"e","5":"s","6":"t","7":" ","8":"f","9":"a","level":"error","message":"Error polling STK status for ws_CO_29042025220714039112395869:","service":"mpesa-api","timestamp":"2025-04-29 22:05:28"}
{"level":"info","message":"Polling STK status for ws_CO_29042025220714039112395869 (attempt 2/12)","service":"mpesa-api","timestamp":"2025-04-29 22:05:31"}
{"level":"info","message":"Querying STK status for ws_CO_29042025220714039112395869","service":"mpesa-api","timestamp":"2025-04-29 22:05:32"}
{"data":{"errorCode":"500.001.1001","errorMessage":"The transaction is being processed","requestId":"ws_CO_29042025220714039112395869"},"level":"error","message":"Request failed with status code 500","service":"mpesa-api","status":500,"timestamp":"2025-04-29 22:05:32","url":"/mpesa/stkpushquery/v1/query"}
{"0":"R","1":"e","10":"i","11":"l","12":"e","13":"d","14":" ","15":"w","16":"i","17":"t","18":"h","19":" ","2":"q","20":"s","21":"t","22":"a","23":"t","24":"u","25":"s","26":" ","27":"c","28":"o","29":"d","3":"u","30":"e","31":" ","32":"5","33":"0","34":"0","4":"e","5":"s","6":"t","7":" ","8":"f","9":"a","level":"error","message":"Error querying STK status for ws_CO_29042025220714039112395869:","service":"mpesa-api","timestamp":"2025-04-29 22:05:32"}
{"0":"R","1":"e","10":"i","11":"l","12":"e","13":"d","14":" ","15":"w","16":"i","17":"t","18":"h","19":" ","2":"q","20":"s","21":"t","22":"a","23":"t","24":"u","25":"s","26":" ","27":"c","28":"o","29":"d","3":"u","30":"e","31":" ","32":"5","33":"0","34":"0","4":"e","5":"s","6":"t","7":" ","8":"f","9":"a","level":"error","message":"Error polling STK status for ws_CO_29042025220714039112395869:","service":"mpesa-api","timestamp":"2025-04-29 22:05:32"}
{"level":"info","message":"Polling STK status for ws_CO_29042025220714039112395869 (attempt 3/12)","service":"mpesa-api","timestamp":"2025-04-29 22:05:36"}
{"level":"info","message":"Querying STK status for ws_CO_29042025220714039112395869","service":"mpesa-api","timestamp":"2025-04-29 22:05:37"}
{"level":"info","message":"STK status query for ws_CO_29042025220714039112395869 returned code 1032: Request cancelled by user","service":"mpesa-api","timestamp":"2025-04-29 22:05:37"}
{"level":"info","message":"Updated transaction ws_CO_29042025220714039112395869 status from query: failed","service":"mpesa-api","timestamp":"2025-04-29 22:05:37"}
{"level":"info","message":"Transaction timeout reached for ws_CO_29042025220714039112395869","service":"mpesa-api","timestamp":"2025-04-29 22:07:21"}
{"0":"f","1":"i","10":"(","11":".","12":".","13":".","14":")","15":".","16":"s","17":"e","18":"l","19":"e","2":"n","20":"c","21":"t","22":"(","23":".","24":".","25":".","26":")","27":".","28":"e","29":"q","3":"e","30":"(","31":".","32":".","33":".","34":")","35":".","36":"e","37":"q","38":" ","39":"i","4":".","40":"s","41":" ","42":"n","43":"o","44":"t","45":" ","46":"a","47":" ","48":"f","49":"u","5":"t","50":"n","51":"c","52":"t","53":"i","54":"o","55":"n","6":"a","7":"b","8":"l","9":"e","level":"error","message":"Error handling transaction timeout for ws_CO_29042025220714039112395869:","service":"mpesa-api","timestamp":"2025-04-29 22:07:21"}
{"accountReference":"TEST123","amount":1,"level":"info","message":"STK Push request received","phoneNumber":"0112395869","service":"mpesa-api","timestamp":"2025-04-29 22:07:28"}
{"amount":1,"level":"info","message":"Initiating STK Push:","phoneNumber":"254112395869","reference":"TEST123","service":"mpesa-api","timestamp":"2025-04-29 22:07:29"}
{"level":"info","message":"Set 120s timeout for transaction ws_CO_29042025220921929112395869","service":"mpesa-api","timestamp":"2025-04-29 22:07:30"}
{"level":"info","message":"Polling STK status for ws_CO_29042025220921929112395869 (attempt 1/12)","service":"mpesa-api","timestamp":"2025-04-29 22:07:35"}
{"level":"info","message":"Querying STK status for ws_CO_29042025220921929112395869","service":"mpesa-api","timestamp":"2025-04-29 22:07:35"}
{"data":{"errorCode":"500.001.1001","errorMessage":"The transaction is being processed","requestId":"ws_CO_29042025220921929112395869"},"level":"error","message":"Request failed with status code 500","service":"mpesa-api","status":500,"timestamp":"2025-04-29 22:07:36","url":"/mpesa/stkpushquery/v1/query"}
{"0":"R","1":"e","10":"i","11":"l","12":"e","13":"d","14":" ","15":"w","16":"i","17":"t","18":"h","19":" ","2":"q","20":"s","21":"t","22":"a","23":"t","24":"u","25":"s","26":" ","27":"c","28":"o","29":"d","3":"u","30":"e","31":" ","32":"5","33":"0","34":"0","4":"e","5":"s","6":"t","7":" ","8":"f","9":"a","level":"error","message":"Error querying STK status for ws_CO_29042025220921929112395869:","service":"mpesa-api","timestamp":"2025-04-29 22:07:36"}
{"0":"R","1":"e","10":"i","11":"l","12":"e","13":"d","14":" ","15":"w","16":"i","17":"t","18":"h","19":" ","2":"q","20":"s","21":"t","22":"a","23":"t","24":"u","25":"s","26":" ","27":"c","28":"o","29":"d","3":"u","30":"e","31":" ","32":"5","33":"0","34":"0","4":"e","5":"s","6":"t","7":" ","8":"f","9":"a","level":"error","message":"Error polling STK status for ws_CO_29042025220921929112395869:","service":"mpesa-api","timestamp":"2025-04-29 22:07:36"}
{"level":"info","message":"Polling STK status for ws_CO_29042025220921929112395869 (attempt 2/12)","service":"mpesa-api","timestamp":"2025-04-29 22:07:40"}
{"level":"info","message":"Querying STK status for ws_CO_29042025220921929112395869","service":"mpesa-api","timestamp":"2025-04-29 22:07:40"}
{"data":{"errorCode":"500.001.1001","errorMessage":"The transaction is being processed","requestId":"ws_CO_29042025220921929112395869"},"level":"error","message":"Request failed with status code 500","service":"mpesa-api","status":500,"timestamp":"2025-04-29 22:07:41","url":"/mpesa/stkpushquery/v1/query"}
{"0":"R","1":"e","10":"i","11":"l","12":"e","13":"d","14":" ","15":"w","16":"i","17":"t","18":"h","19":" ","2":"q","20":"s","21":"t","22":"a","23":"t","24":"u","25":"s","26":" ","27":"c","28":"o","29":"d","3":"u","30":"e","31":" ","32":"5","33":"0","34":"0","4":"e","5":"s","6":"t","7":" ","8":"f","9":"a","level":"error","message":"Error querying STK status for ws_CO_29042025220921929112395869:","service":"mpesa-api","timestamp":"2025-04-29 22:07:41"}
{"0":"R","1":"e","10":"i","11":"l","12":"e","13":"d","14":" ","15":"w","16":"i","17":"t","18":"h","19":" ","2":"q","20":"s","21":"t","22":"a","23":"t","24":"u","25":"s","26":" ","27":"c","28":"o","29":"d","3":"u","30":"e","31":" ","32":"5","33":"0","34":"0","4":"e","5":"s","6":"t","7":" ","8":"f","9":"a","level":"error","message":"Error polling STK status for ws_CO_29042025220921929112395869:","service":"mpesa-api","timestamp":"2025-04-29 22:07:41"}
{"level":"info","message":"Polling STK status for ws_CO_29042025220921929112395869 (attempt 3/12)","service":"mpesa-api","timestamp":"2025-04-29 22:07:45"}
{"level":"info","message":"Querying STK status for ws_CO_29042025220921929112395869","service":"mpesa-api","timestamp":"2025-04-29 22:07:45"}
{"level":"info","message":"STK status query for ws_CO_29042025220921929112395869 returned code 2001: The initiator information is invalid.","service":"mpesa-api","timestamp":"2025-04-29 22:07:46"}
{"level":"info","message":"Updated transaction ws_CO_29042025220921929112395869 status from query: failed","service":"mpesa-api","timestamp":"2025-04-29 22:07:46"}
{"accountReference":"TEST123","amount":1,"level":"info","message":"STK Push request received","phoneNumber":"0112395869","service":"mpesa-api","timestamp":"2025-04-29 22:08:10"}
{"amount":1,"level":"info","message":"Initiating STK Push:","phoneNumber":"254112395869","reference":"TEST123","service":"mpesa-api","timestamp":"2025-04-29 22:08:11"}
{"level":"info","message":"Set 120s timeout for transaction ws_CO_29042025221004787112395869","service":"mpesa-api","timestamp":"2025-04-29 22:08:12"}
{"level":"info","message":"Polling STK status for ws_CO_29042025221004787112395869 (attempt 1/12)","service":"mpesa-api","timestamp":"2025-04-29 22:08:17"}
{"level":"info","message":"Querying STK status for ws_CO_29042025221004787112395869","service":"mpesa-api","timestamp":"2025-04-29 22:08:18"}
{"data":{"errorCode":"500.001.1001","errorMessage":"The transaction is being processed","requestId":"ws_CO_29042025221004787112395869"},"level":"error","message":"Request failed with status code 500","service":"mpesa-api","status":500,"timestamp":"2025-04-29 22:08:19","url":"/mpesa/stkpushquery/v1/query"}
{"0":"R","1":"e","10":"i","11":"l","12":"e","13":"d","14":" ","15":"w","16":"i","17":"t","18":"h","19":" ","2":"q","20":"s","21":"t","22":"a","23":"t","24":"u","25":"s","26":" ","27":"c","28":"o","29":"d","3":"u","30":"e","31":" ","32":"5","33":"0","34":"0","4":"e","5":"s","6":"t","7":" ","8":"f","9":"a","level":"error","message":"Error querying STK status for ws_CO_29042025221004787112395869:","service":"mpesa-api","timestamp":"2025-04-29 22:08:19"}
{"0":"R","1":"e","10":"i","11":"l","12":"e","13":"d","14":" ","15":"w","16":"i","17":"t","18":"h","19":" ","2":"q","20":"s","21":"t","22":"a","23":"t","24":"u","25":"s","26":" ","27":"c","28":"o","29":"d","3":"u","30":"e","31":" ","32":"5","33":"0","34":"0","4":"e","5":"s","6":"t","7":" ","8":"f","9":"a","level":"error","message":"Error polling STK status for ws_CO_29042025221004787112395869:","service":"mpesa-api","timestamp":"2025-04-29 22:08:19"}
{"level":"info","message":"Polling STK status for ws_CO_29042025221004787112395869 (attempt 2/12)","service":"mpesa-api","timestamp":"2025-04-29 22:08:22"}
{"level":"info","message":"Querying STK status for ws_CO_29042025221004787112395869","service":"mpesa-api","timestamp":"2025-04-29 22:08:23"}
{"data":{"errorCode":"500.001.1001","errorMessage":"The transaction is being processed","requestId":"ws_CO_29042025221004787112395869"},"level":"error","message":"Request failed with status code 500","service":"mpesa-api","status":500,"timestamp":"2025-04-29 22:08:24","url":"/mpesa/stkpushquery/v1/query"}
{"0":"R","1":"e","10":"i","11":"l","12":"e","13":"d","14":" ","15":"w","16":"i","17":"t","18":"h","19":" ","2":"q","20":"s","21":"t","22":"a","23":"t","24":"u","25":"s","26":" ","27":"c","28":"o","29":"d","3":"u","30":"e","31":" ","32":"5","33":"0","34":"0","4":"e","5":"s","6":"t","7":" ","8":"f","9":"a","level":"error","message":"Error querying STK status for ws_CO_29042025221004787112395869:","service":"mpesa-api","timestamp":"2025-04-29 22:08:24"}
{"0":"R","1":"e","10":"i","11":"l","12":"e","13":"d","14":" ","15":"w","16":"i","17":"t","18":"h","19":" ","2":"q","20":"s","21":"t","22":"a","23":"t","24":"u","25":"s","26":" ","27":"c","28":"o","29":"d","3":"u","30":"e","31":" ","32":"5","33":"0","34":"0","4":"e","5":"s","6":"t","7":" ","8":"f","9":"a","level":"error","message":"Error polling STK status for ws_CO_29042025221004787112395869:","service":"mpesa-api","timestamp":"2025-04-29 22:08:24"}
{"level":"info","message":"Polling STK status for ws_CO_29042025221004787112395869 (attempt 3/12)","service":"mpesa-api","timestamp":"2025-04-29 22:08:27"}
{"level":"info","message":"Querying STK status for ws_CO_29042025221004787112395869","service":"mpesa-api","timestamp":"2025-04-29 22:08:28"}
{"data":{"errorCode":"500.001.1001","errorMessage":"The transaction is being processed","requestId":"ws_CO_29042025221004787112395869"},"level":"error","message":"Request failed with status code 500","service":"mpesa-api","status":500,"timestamp":"2025-04-29 22:08:28","url":"/mpesa/stkpushquery/v1/query"}
{"0":"R","1":"e","10":"i","11":"l","12":"e","13":"d","14":" ","15":"w","16":"i","17":"t","18":"h","19":" ","2":"q","20":"s","21":"t","22":"a","23":"t","24":"u","25":"s","26":" ","27":"c","28":"o","29":"d","3":"u","30":"e","31":" ","32":"5","33":"0","34":"0","4":"e","5":"s","6":"t","7":" ","8":"f","9":"a","level":"error","message":"Error querying STK status for ws_CO_29042025221004787112395869:","service":"mpesa-api","timestamp":"2025-04-29 22:08:28"}
{"0":"R","1":"e","10":"i","11":"l","12":"e","13":"d","14":" ","15":"w","16":"i","17":"t","18":"h","19":" ","2":"q","20":"s","21":"t","22":"a","23":"t","24":"u","25":"s","26":" ","27":"c","28":"o","29":"d","3":"u","30":"e","31":" ","32":"5","33":"0","34":"0","4":"e","5":"s","6":"t","7":" ","8":"f","9":"a","level":"error","message":"Error polling STK status for ws_CO_29042025221004787112395869:","service":"mpesa-api","timestamp":"2025-04-29 22:08:28"}
{"level":"info","message":"Polling STK status for ws_CO_29042025221004787112395869 (attempt 4/12)","service":"mpesa-api","timestamp":"2025-04-29 22:08:32"}
{"level":"info","message":"Querying STK status for ws_CO_29042025221004787112395869","service":"mpesa-api","timestamp":"2025-04-29 22:08:33"}
{"level":"info","message":"STK status query for ws_CO_29042025221004787112395869 returned code 0: The service request is processed successfully.","service":"mpesa-api","timestamp":"2025-04-29 22:08:33"}
{"level":"info","message":"Updated transaction ws_CO_29042025221004787112395869 status from query: failed","service":"mpesa-api","timestamp":"2025-04-29 22:08:33"}
{"level":"info","message":"Transaction timeout reached for ws_CO_29042025220921929112395869","service":"mpesa-api","timestamp":"2025-04-29 22:09:30"}
{"0":"f","1":"i","10":"(","11":".","12":".","13":".","14":")","15":".","16":"s","17":"e","18":"l","19":"e","2":"n","20":"c","21":"t","22":"(","23":".","24":".","25":".","26":")","27":".","28":"e","29":"q","3":"e","30":"(","31":".","32":".","33":".","34":")","35":".","36":"e","37":"q","38":" ","39":"i","4":".","40":"s","41":" ","42":"n","43":"o","44":"t","45":" ","46":"a","47":" ","48":"f","49":"u","5":"t","50":"n","51":"c","52":"t","53":"i","54":"o","55":"n","6":"a","7":"b","8":"l","9":"e","level":"error","message":"Error handling transaction timeout for ws_CO_29042025220921929112395869:","service":"mpesa-api","timestamp":"2025-04-29 22:09:30"}
{"level":"info","message":"Transaction timeout reached for ws_CO_29042025221004787112395869","service":"mpesa-api","timestamp":"2025-04-29 22:10:12"}
{"0":"f","1":"i","10":"(","11":".","12":".","13":".","14":")","15":".","16":"s","17":"e","18":"l","19":"e","2":"n","20":"c","21":"t","22":"(","23":".","24":".","25":".","26":")","27":".","28":"e","29":"q","3":"e","30":"(","31":".","32":".","33":".","34":")","35":".","36":"e","37":"q","38":" ","39":"i","4":".","40":"s","41":" ","42":"n","43":"o","44":"t","45":" ","46":"a","47":" ","48":"f","49":"u","5":"t","50":"n","51":"c","52":"t","53":"i","54":"o","55":"n","6":"a","7":"b","8":"l","9":"e","level":"error","message":"Error handling transaction timeout for ws_CO_29042025221004787112395869:","service":"mpesa-api","timestamp":"2025-04-29 22:10:12"}
